<?xml version="1.0" encoding="UTF-8"?>
<!-- Generated by org.testng.reporters.JUnitXMLReporter -->
<testsuite hostname="ISILDT10079" name="Test" tests="2" failures="1" timestamp="20 Sep 2017 13:40:12 GMT" time="31.361" errors="0">
  <testcase name="test1" time="2.764" classname="com.org.test.TestFail">
    <failure type="java.lang.AssertionError" message="Communications Overview expected [Communications Overview] but found [Heading]">
      <![CDATA[java.lang.AssertionError: Communications Overview expected [Communications Overview] but found [Heading]
	at com.org.test.TestFail.test1(TestFail.java:21)
... Removed 28 stack frames]]>
    </failure>
  </testcase> <!-- test1 -->
  <testcase name="test2" time="1.422" classname="com.org.test.TestFail"/>
</testsuite> <!-- Test -->
